[893038810902958130]ScaredGhost used the command (avatar) in [ScaredGhost's server] at: (2023-03-06T22:32:49.748Z)
[893038810902958130]ScaredGhost used the command (ping) in [ScaredGhost's server] at: (2023-03-06T22:38:20.590Z)
[893038810902958130]ScaredGhost used the command (ping) in [ScaredGhost's server] at: (2023-03-06T22:41:19.140Z)
[893038810902958130]ScaredGhost used the command (ping) in [ScaredGhost's server] at: (2023-03-06T22:43:06.789Z)
[955521254738247760]Sphinix used the command (ping) in [ScaredGhost's server] at: (2023-03-06T22:44:09.856Z)
[893038810902958130]ScaredGhost used the command (ping) in [ScaredGhost's server] at: (2023-03-06T22:49:18.170Z)
[893038810902958130]ScaredGhost used the command (warn) in [ScaredGhost's server] at: (2023-03-06T22:54:17.003Z)
[893038810902958130]ScaredGhost used the command (warn) in [ScaredGhost's server] at: (2023-03-06T22:59:28.662Z)
[893038810902958130]ScaredGhost used the command (warn) in [ScaredGhost's server] at: (2023-03-06T23:01:51.646Z)
[893038810902958130]ScaredGhost used the command (warn) in [ScaredGhost's server] at: (2023-03-06T23:02:49.154Z)
[893038810902958130]ScaredGhost used the command (warn) in [ScaredGhost's server] at: (2023-03-06T23:03:25.207Z)
[893038810902958130]ScaredGhost used the command (warn) in [ScaredGhost's server] at: (2023-03-06T23:24:56.692Z)
[893038810902958130]ScaredGhost used the command (warn) in [ScaredGhost's server] at: (2023-03-06T23:29:19.995Z)
[893038810902958130]ScaredGhost used the command (warn) in [ScaredGhost's server] at: (2023-03-06T23:36:15.738Z)
[893038810902958130]ScaredGhost used the command (warn) in [ScaredGhost's server] at: (2023-03-06T23:40:27.136Z)
[893038810902958130]ScaredGhost used the command (warn) in [ScaredGhost's server] at: (2023-03-06T23:44:11.700Z)
[893038810902958130]ScaredGhost used the command (warn) in [ScaredGhost's server] at: (2023-03-06T23:48:12.494Z)
[893038810902958130]ScaredGhost used the command (warn) in [ScaredGhost's server] at: (2023-03-06T23:52:28.364Z)
[893038810902958130]ScaredGhost used the command (warn) in [ScaredGhost's server] at: (2023-03-06T23:55:21.926Z)
[893038810902958130]ScaredGhost used the command (warn) in [ScaredGhost's server] at: (2023-03-07T00:12:02.720Z)
[893038810902958130]ScaredGhost used the command (warn) in [ScaredGhost's server] at: (2023-03-07T00:13:31.917Z)
[893038810902958130]ScaredGhost used the command (warn) in [ScaredGhost's server] at: (2023-03-07T00:14:15.669Z)
[893038810902958130]ScaredGhost used the command (warn) in [ScaredGhost's server] at: (2023-03-07T00:23:57.826Z)
[893038810902958130]ScaredGhost used the command (warn) in [ScaredGhost's server] at: (2023-03-07T00:25:34.783Z)
[893038810902958130]ScaredGhost used the command (warn) in [ScaredGhost's server] at: (2023-03-07T00:29:44.213Z)
[893038810902958130]ScaredGhost used the command (warn) in [ScaredGhost's server] at: (2023-03-07T00:34:13.601Z)
[893038810902958130]ScaredGhost used the command (warn) in [ScaredGhost's server] at: (2023-03-07T00:34:40.579Z)
[893038810902958130]ScaredGhost used the command (unwarn) in [ScaredGhost's server] at: (2023-03-07T00:38:15.737Z)
[893038810902958130]ScaredGhost used the command (warnings) in [ScaredGhost's server] at: (2023-03-07T00:41:37.843Z)
[893038810902958130]ScaredGhost used the command (warnings) in [ScaredGhost's server] at: (2023-03-07T00:43:25.864Z)
[893038810902958130]ScaredGhost used the command (warnings) in [ScaredGhost's server] at: (2023-03-07T00:47:57.187Z)
[893038810902958130]ScaredGhost used the command (warnings) in [ScaredGhost's server] at: (2023-03-07T00:50:19.733Z)
[893038810902958130]ScaredGhost used the command (warnings) in [ScaredGhost's server] at: (2023-03-07T00:52:33.474Z)
[893038810902958130]ScaredGhost used the command (unwarn) in [ScaredGhost's server] at: (2023-03-07T00:53:14.883Z)
[893038810902958130]ScaredGhost used the command (unwarn) in [ScaredGhost's server] at: (2023-03-07T00:53:50.141Z)
[893038810902958130]ScaredGhost used the command (unwarn) in [ScaredGhost's server] at: (2023-03-07T00:54:28.151Z)
[893038810902958130]ScaredGhost used the command (warn) in [ScaredGhost's server] at: (2023-03-07T00:58:04.548Z)
[893038810902958130]ScaredGhost used the command (warnings) in [ScaredGhost's server] at: (2023-03-07T00:58:11.339Z)
[893038810902958130]ScaredGhost used the command (warnings) in [ScaredGhost's server] at: (2023-03-07T01:02:05.435Z)
[893038810902958130]ScaredGhost used the command (warnings) in [ScaredGhost's server] at: (2023-03-07T01:03:11.830Z)
[893038810902958130]ScaredGhost used the command (unwarn) in [ScaredGhost's server] at: (2023-03-07T01:03:33.332Z)
[893038810902958130]ScaredGhost used the command (warnings) in [ScaredGhost's server] at: (2023-03-07T01:04:58.426Z)
[893038810902958130]ScaredGhost used the command (unwarn) in [ScaredGhost's server] at: (2023-03-07T01:05:12.580Z)
[893038810902958130]ScaredGhost used the command (unwarn) in [ScaredGhost's server] at: (2023-03-07T01:10:23.221Z)
[893038810902958130]ScaredGhost used the command (warn) in [ScaredGhost's server] at: (2023-03-07T01:11:15.459Z)
[893038810902958130]ScaredGhost used the command (warn) in [ScaredGhost's server] at: (2023-03-07T01:11:21.466Z)
[893038810902958130]ScaredGhost used the command (warnings) in [ScaredGhost's server] at: (2023-03-07T01:11:28.805Z)
[893038810902958130]ScaredGhost used the command (unwarn) in [ScaredGhost's server] at: (2023-03-07T01:11:39.912Z)
[893038810902958130]ScaredGhost used the command (warnings) in [ScaredGhost's server] at: (2023-03-07T01:12:17.196Z)
[893038810902958130]ScaredGhost used the command (unwarn) in [ScaredGhost's server] at: (2023-03-07T01:12:29.752Z)
[893038810902958130]ScaredGhost used the command (unwarn) in [ScaredGhost's server] at: (2023-03-07T01:12:41.580Z)
[893038810902958130]ScaredGhost used the command (unwarn) in [ScaredGhost's server] at: (2023-03-07T01:12:54.693Z)
[893038810902958130]ScaredGhost used the command (warn) in [ScaredGhost's server] at: (2023-03-07T01:13:00.803Z)
[893038810902958130]ScaredGhost used the command (warnings) in [ScaredGhost's server] at: (2023-03-07T01:13:24.220Z)
[893038810902958130]ScaredGhost used the command (warn) in [ScaredGhost's server] at: (2023-03-07T01:18:50.896Z)
[893038810902958130]ScaredGhost used the command (warn) in [ScaredGhost's server] at: (2023-03-07T01:18:55.980Z)
[893038810902958130]ScaredGhost used the command (warnings) in [ScaredGhost's server] at: (2023-03-07T01:19:01.773Z)
[893038810902958130]ScaredGhost used the command (unwarn) in [ScaredGhost's server] at: (2023-03-07T01:19:29.046Z)
[893038810902958130]ScaredGhost used the command (timeout) in [ScaredGhost's server] at: (2023-03-07T01:44:46.179Z)
[893038810902958130]ScaredGhost used the command (timeout) in [ScaredGhost's server] at: (2023-03-07T01:49:33.429Z)
[893038810902958130]ScaredGhost used the command (timeout) in [ScaredGhost's server] at: (2023-03-07T01:52:44.222Z)
[893038810902958130]ScaredGhost used the command (timeout) in [ScaredGhost's server] at: (2023-03-07T01:55:21.054Z)
[893038810902958130]ScaredGhost used the command (timeout) in [ScaredGhost's server] at: (2023-03-07T01:58:30.227Z)
[893038810902958130]ScaredGhost used the command (timeout) in [ScaredGhost's server] at: (2023-03-07T01:59:39.928Z)
[893038810902958130]ScaredGhost used the command (timeout) in [ScaredGhost's server] at: (2023-03-07T02:10:00.198Z)
[893038810902958130]ScaredGhost used the command (timeout) in [ScaredGhost's server] at: (2023-03-07T02:10:22.427Z)
[893038810902958130]ScaredGhost used the command (timeout) in [ScaredGhost's server] at: (2023-03-07T02:10:38.440Z)
[893038810902958130]ScaredGhost used the command (timeout) in [ScaredGhost's server] at: (2023-03-07T02:10:48.489Z)
[893038810902958130]ScaredGhost used the command (timeout) in [ScaredGhost's server] at: (2023-03-07T02:16:07.254Z)
[893038810902958130]ScaredGhost used the command (timeout) in [ScaredGhost's server] at: (2023-03-07T02:16:14.063Z)
[893038810902958130]ScaredGhost used the command (purge) in [ScaredGhost's server] at: (2023-03-07T02:24:58.607Z)
[893038810902958130]ScaredGhost used the command (purge) in [ScaredGhost's server] at: (2023-03-07T02:25:05.579Z)
[893038810902958130]ScaredGhost used the command (purge) in [ScaredGhost's server] at: (2023-03-07T02:25:16.376Z)
[893038810902958130]ScaredGhost used the command (purge) in [ScaredGhost's server] at: (2023-03-07T02:25:30.627Z)
[893038810902958130]ScaredGhost used the command (purge) in [ScaredGhost's server] at: (2023-03-07T02:25:46.508Z)
[893038810902958130]ScaredGhost used the command (timeout) in [ScaredGhost's server] at: (2023-03-07T02:27:23.110Z)
[893038810902958130]ScaredGhost used the command (ping) in [ScaredGhost's server] at: (2023-03-07T02:30:45.191Z)
[893038810902958130]ScaredGhost used the command (ping) in [ScaredGhost's server] at: (2023-03-07T02:36:14.088Z)
[893038810902958130]ScaredGhost used the command (ping) in [ScaredGhost's server] at: (2023-03-07T03:08:18.869Z)
[893038810902958130]ScaredGhost used the command (warnings) in [ScaredGhost's server] at: (2023-03-07T03:09:05.524Z)
[893038810902958130]ScaredGhost used the command (unwarn) in [ScaredGhost's server] at: (2023-03-07T03:09:29.118Z)
[893038810902958130]ScaredGhost used the command (warnings) in [ScaredGhost's server] at: (2023-03-07T03:09:51.525Z)
[893038810902958130]ScaredGhost used the command (purge) in [ScaredGhost's server] at: (2023-03-07T03:26:01.663Z)
[893038810902958130]ScaredGhost used the command (ping) in [ScaredGhost's server] at: (2023-03-07T03:50:30.764Z)
[893038810902958130]ScaredGhost used the command (purge) in [ScaredGhost's server] at: (2023-03-07T03:50:47.917Z)
[893038810902958130]ScaredGhost used the command (warn) in [ScaredGhost's server] at: (2023-03-07T04:21:02.627Z)
[893038810902958130]ScaredGhost used the command (warnings) in [ScaredGhost's server] at: (2023-03-07T04:22:45.008Z)
[893038810902958130]ScaredGhost used the command (warn) in [ScaredGhost's server] at: (2023-03-07T04:34:22.372Z)
[893038810902958130]ScaredGhost used the command (warn) in [ScaredGhost's server] at: (2023-03-07T04:36:20.591Z)
[955521254738247760]Sphinix used the command (warn) in [ScaredGhost's server] at: (2023-03-07T04:36:23.025Z)
[955521254738247760]Sphinix used the command (warn) in [ScaredGhost's server] at: (2023-03-07T04:36:46.549Z)
[955521254738247760]Sphinix used the command (warn) in [ScaredGhost's server] at: (2023-03-07T04:41:56.586Z)
[893038810902958130]ScaredGhost used the command (warnings) in [ScaredGhost's server] at: (2023-03-07T04:42:14.286Z)
[893038810902958130]ScaredGhost used the command (warnings) in [ScaredGhost's server] at: (2023-03-07T04:42:30.913Z)
[955521254738247760]Sphinix used the command (warn) in [ScaredGhost's server] at: (2023-03-07T04:42:44.972Z)
[893038810902958130]ScaredGhost used the command (ping) in [ScaredGhost's server] at: (2023-03-07T04:44:32.851Z)
[955521254738247760]Sphinix used the command (warn) in [ScaredGhost's server] at: (2023-03-07T04:45:18.082Z)
[955521254738247760]Sphinix used the command (warn) in [ScaredGhost's server] at: (2023-03-07T04:45:50.800Z)
[893038810902958130]ScaredGhost used the command (warn) in [ScaredGhost's server] at: (2023-03-07T04:45:59.966Z)
[955521254738247760]Sphinix used the command (warn) in [ScaredGhost's server] at: (2023-03-07T04:46:17.894Z)
[893038810902958130]ScaredGhost used the command (warn) in [ScaredGhost's server] at: (2023-03-07T04:46:29.040Z)
[955521254738247760]Sphinix used the command (warn) in [ScaredGhost's server] at: (2023-03-07T04:46:56.411Z)
[955521254738247760]Sphinix used the command (warn) in [ScaredGhost's server] at: (2023-03-07T04:47:24.413Z)
[893038810902958130]ScaredGhost used the command (warn) in [ScaredGhost's server] at: (2023-03-07T04:47:50.742Z)
[955521254738247760]Sphinix used the command (warn) in [ScaredGhost's server] at: (2023-03-07T04:47:59.899Z)
[893038810902958130]ScaredGhost used the command (warn) in [ScaredGhost's server] at: (2023-03-07T04:48:15.683Z)
[955521254738247760]Sphinix used the command (warn) in [ScaredGhost's server] at: (2023-03-07T04:48:24.927Z)
[893038810902958130]ScaredGhost used the command (warn) in [ScaredGhost's server] at: (2023-03-07T04:48:44.981Z)
[955521254738247760]Sphinix used the command (warn) in [ScaredGhost's server] at: (2023-03-07T04:49:27.740Z)
[955521254738247760]Sphinix used the command (warn) in [ScaredGhost's server] at: (2023-03-07T04:50:06.055Z)
[893038810902958130]ScaredGhost used the command (purge) in [ScaredGhost's server] at: (2023-03-07T04:50:13.428Z)
[893038810902958130]ScaredGhost used the command (purge) in [ScaredGhost's server] at: (2023-03-07T04:50:29.543Z)
[955521254738247760]Sphinix used the command (warnings) in [ScaredGhost's server] at: (2023-03-07T04:50:34.836Z)
[955521254738247760]Sphinix used the command (warnings) in [ScaredGhost's server] at: (2023-03-07T04:50:49.983Z)
[955521254738247760]Sphinix used the command (warnings) in [ScaredGhost's server] at: (2023-03-07T04:51:12.383Z)
[955521254738247760]Sphinix used the command (warn) in [ScaredGhost's server] at: (2023-03-07T04:51:38.051Z)
[955521254738247760]Sphinix used the command (warn) in [ScaredGhost's server] at: (2023-03-07T04:54:12.996Z)
[955521254738247760]Sphinix used the command (warn) in [ScaredGhost's server] at: (2023-03-07T04:56:18.515Z)
[955521254738247760]Sphinix used the command (warn) in [ScaredGhost's server] at: (2023-03-07T04:57:26.258Z)
[955521254738247760]Sphinix used the command (warnings) in [ScaredGhost's server] at: (2023-03-07T04:57:34.577Z)
[955521254738247760]Sphinix used the command (warnings) in [ScaredGhost's server] at: (2023-03-07T04:58:52.813Z)
[955521254738247760]Sphinix used the command (warnings) in [ScaredGhost's server] at: (2023-03-07T05:05:43.867Z)
[955521254738247760]Sphinix used the command (warn) in [ScaredGhost's server] at: (2023-03-07T05:06:10.206Z)
[893038810902958130]ScaredGhost used the command (restartbot) in [ScaredGhost's server] at: (2023-03-07T05:07:16.647Z)
[955521254738247760]Sphinix used the command (warnings) in [ScaredGhost's server] at: (2023-03-07T05:07:27.303Z)
[955521254738247760]Sphinix used the command (warnings) in [ScaredGhost's server] at: (2023-03-07T05:07:27.310Z)
[955521254738247760]Sphinix used the command (warnings) in [ScaredGhost's server] at: (2023-03-07T05:07:32.484Z)
[955521254738247760]Sphinix used the command (warnings) in [ScaredGhost's server] at: (2023-03-07T05:07:32.486Z)
[955521254738247760]Sphinix used the command (warnings) in [ScaredGhost's server] at: (2023-03-07T05:07:45.032Z)
[955521254738247760]Sphinix used the command (warnings) in [ScaredGhost's server] at: (2023-03-07T05:07:45.032Z)
[893038810902958130]ScaredGhost used the command (warnings) in [ScaredGhost's server] at: (2023-03-07T05:08:03.324Z)
[893038810902958130]ScaredGhost used the command (warnings) in [ScaredGhost's server] at: (2023-03-07T05:08:03.349Z)
[955521254738247760]Sphinix used the command (warnings) in [ScaredGhost's server] at: (2023-03-07T05:08:26.270Z)
[955521254738247760]Sphinix used the command (warnings) in [ScaredGhost's server] at: (2023-03-07T05:08:26.554Z)
[893038810902958130]ScaredGhost used the command (warnings) in [ScaredGhost's server] at: (2023-03-07T05:08:46.117Z)
[955521254738247760]Sphinix used the command (warnings) in [ScaredGhost's server] at: (2023-03-07T05:09:04.816Z)
[955521254738247760]Sphinix used the command (warn) in [ScaredGhost's server] at: (2023-03-07T05:10:10.490Z)
[955521254738247760]Sphinix used the command (ping) in [ScaredGhost's server] at: (2023-03-07T05:19:07.123Z)
[893038810902958130]ScaredGhost used the command (hug) in [ScaredGhost's server] at: (2023-03-07T05:26:09.668Z)
[955521254738247760]Sphinix used the command (hug) in [ScaredGhost's server] at: (2023-03-07T05:29:55.329Z)
[893038810902958130]ScaredGhost used the command (hug) in [ScaredGhost's server] at: (2023-03-07T05:30:15.543Z)
[893038810902958130]ScaredGhost used the command (hug) in [ScaredGhost's server] at: (2023-03-07T05:31:13.655Z)
[955521254738247760]Sphinix used the command (hug) in [ScaredGhost's server] at: (2023-03-07T05:33:39.305Z)
[893038810902958130]ScaredGhost used the command (hug) in [ScaredGhost's server] at: (2023-03-07T05:36:56.003Z)
[893038810902958130]ScaredGhost used the command (hug) in [ScaredGhost's server] at: (2023-03-07T05:37:13.556Z)
[893038810902958130]ScaredGhost used the command (hug) in [ScaredGhost's server] at: (2023-03-07T05:37:19.670Z)
[955521254738247760]Sphinix used the command (warn) in [ScaredGhost's server] at: (2023-03-07T05:37:53.358Z)
[893038810902958130]ScaredGhost used the command (warn) in [ScaredGhost's server] at: (2023-03-07T05:39:07.188Z)
[893038810902958130]ScaredGhost used the command (kiss) in [ScaredGhost's server] at: (2023-03-07T05:43:11.779Z)
[893038810902958130]ScaredGhost used the command (kiss) in [ScaredGhost's server] at: (2023-03-07T05:43:17.402Z)
[955521254738247760]Sphinix used the command (kiss) in [ScaredGhost's server] at: (2023-03-07T05:43:40.395Z)
[955521254738247760]Sphinix used the command (kiss) in [ScaredGhost's server] at: (2023-03-07T05:45:42.339Z)
[955521254738247760]Sphinix used the command (kiss) in [ScaredGhost's server] at: (2023-03-07T05:45:54.408Z)
[955521254738247760]Sphinix used the command (kiss) in [ScaredGhost's server] at: (2023-03-07T05:45:58.844Z)
[955521254738247760]Sphinix used the command (kiss) in [ScaredGhost's server] at: (2023-03-07T05:46:13.313Z)
[955521254738247760]Sphinix used the command (kiss) in [ScaredGhost's server] at: (2023-03-07T05:46:20.314Z)
[893038810902958130]ScaredGhost used the command (kill) in [ScaredGhost's server] at: (2023-03-07T05:48:13.875Z)
[893038810902958130]ScaredGhost used the command (kill) in [ScaredGhost's server] at: (2023-03-07T05:48:34.610Z)
[893038810902958130]ScaredGhost used the command (ping) in [ScaredGhost's server] at: (2023-03-07T05:49:14.112Z)
[955521254738247760]Sphinix used the command (warn) in [ScaredGhost's server] at: (2023-03-07T05:51:51.554Z)
[893038810902958130]ScaredGhost used the command (cry) in [ScaredGhost's server] at: (2023-03-07T05:53:38.264Z)
[893038810902958130]ScaredGhost used the command (cry) in [ScaredGhost's server] at: (2023-03-07T05:53:55.980Z)
[893038810902958130]ScaredGhost used the command (cry) in [ScaredGhost's server] at: (2023-03-07T05:54:40.478Z)
[955521254738247760]Sphinix used the command (cry) in [ScaredGhost's server] at: (2023-03-07T05:54:45.063Z)
[955521254738247760]Sphinix used the command (cry) in [ScaredGhost's server] at: (2023-03-07T05:54:55.279Z)
[955521254738247760]Sphinix used the command (cry) in [ScaredGhost's server] at: (2023-03-07T05:55:18.315Z)
[955521254738247760]Sphinix used the command (kiss) in [ScaredGhost's server] at: (2023-03-07T05:55:19.509Z)
[955521254738247760]Sphinix used the command (kill) in [ScaredGhost's server] at: (2023-03-07T05:55:32.573Z)
[955521254738247760]Sphinix used the command (warn) in [ScaredGhost's server] at: (2023-03-07T05:58:30.458Z)
[955521254738247760]Sphinix used the command (warn) in [ScaredGhost's server] at: (2023-03-07T06:03:23.628Z)
[893038810902958130]ScaredGhost used the command (kick) in [ScaredGhost's server] at: (2023-03-07T06:03:51.110Z)
[893038810902958130]ScaredGhost used the command (kick) in [ScaredGhost's server] at: (2023-03-07T06:05:46.968Z)
[955521254738247760]Sphinix used the command (warn) in [ScaredGhost's server] at: (2023-03-07T06:06:29.035Z)
[955521254738247760]Sphinix used the command (kiss) in [ScaredGhost's server] at: (2023-03-07T06:06:56.480Z)
[955521254738247760]Sphinix used the command (hug) in [ScaredGhost's server] at: (2023-03-07T06:07:10.816Z)
[955521254738247760]Sphinix used the command (kick) in [ScaredGhost's server] at: (2023-03-07T06:07:25.795Z)
[893038810902958130]ScaredGhost used the command (kiss) in [ScaredGhost's server] at: (2023-03-07T06:07:47.280Z)
[955521254738247760]Sphinix used the command (kiss) in [ScaredGhost's server] at: (2023-03-07T06:07:56.469Z)
[955521254738247760]Sphinix used the command (kiss) in [ScaredGhost's server] at: (2023-03-07T06:09:41.056Z)
[955521254738247760]Sphinix used the command (warn) in [ScaredGhost's server] at: (2023-03-07T06:12:23.300Z)
[955521254738247760]Sphinix used the command (kiss) in [ScaredGhost's server] at: (2023-03-07T06:12:27.235Z)
[893038810902958130]ScaredGhost used the command (kiss) in [ScaredGhost's server] at: (2023-03-07T06:12:36.409Z)
[893038810902958130]ScaredGhost used the command (ban) in [ScaredGhost's server] at: (2023-03-07T06:17:55.852Z)
[893038810902958130]ScaredGhost used the command (play) in [ScaredGhost's server] at: (2023-03-07T06:31:02.356Z)
[893038810902958130]ScaredGhost used the command (play) in [ScaredGhost's server] at: (2023-03-07T06:31:19.964Z)
[893038810902958130]ScaredGhost used the command (play) in [ScaredGhost's server] at: (2023-03-07T06:32:17.360Z)
[893038810902958130]ScaredGhost used the command (kiss) in [ScaredGhost's server] at: (2023-03-07T06:34:06.246Z)
[955521254738247760]Sphinix used the command (kiss) in [ScaredGhost's server] at: (2023-03-07T06:34:13.124Z)
[893038810902958130]ScaredGhost used the command (play) in [ScaredGhost's server] at: (2023-03-07T06:34:37.754Z)
[893038810902958130]ScaredGhost used the command (play) in [ScaredGhost's server] at: (2023-03-07T06:35:20.722Z)
[893038810902958130]ScaredGhost used the command (play) in [ScaredGhost's server] at: (2023-03-07T06:42:05.126Z)
[893038810902958130]ScaredGhost used the command (play) in [ScaredGhost's server] at: (2023-03-07T06:42:21.190Z)
[955521254738247760]Sphinix used the command (play) in [ScaredGhost's server] at: (2023-03-07T06:43:21.204Z)
[955521254738247760]Sphinix used the command (warn) in [ScaredGhost's server] at: (2023-03-07T06:43:26.793Z)
[893038810902958130]ScaredGhost used the command (play) in [ScaredGhost's server] at: (2023-03-07T06:49:11.182Z)
[893038810902958130]ScaredGhost used the command (play) in [ScaredGhost's server] at: (2023-03-07T06:49:26.236Z)
[893038810902958130]ScaredGhost used the command (play) in [ScaredGhost's server] at: (2023-03-07T06:51:01.401Z)
[893038810902958130]ScaredGhost used the command (play) in [ScaredGhost's server] at: (2023-03-07T06:51:13.517Z)
[955521254738247760]Sphinix used the command (warnings) in [ScaredGhost's server] at: (2023-03-07T06:51:57.849Z)
[893038810902958130]ScaredGhost used the command (kiss) in [ScaredGhost's server] at: (2023-03-07T06:52:15.255Z)
[955521254738247760]Sphinix used the command (kiss) in [ScaredGhost's server] at: (2023-03-07T06:52:30.409Z)
[893038810902958130]ScaredGhost used the command (play) in [ScaredGhost's server] at: (2023-03-07T06:54:47.558Z)
[955521254738247760]Sphinix used the command (warn) in [ScaredGhost's server] at: (2023-03-07T07:00:59.467Z)
[893038810902958130]ScaredGhost used the command (play) in [ScaredGhost's server] at: (2023-03-07T07:06:25.034Z)
[893038810902958130]ScaredGhost used the command (play) in [ScaredGhost's server] at: (2023-03-07T07:06:36.255Z)
[893038810902958130]ScaredGhost used the command (play) in [ScaredGhost's server] at: (2023-03-07T07:07:05.970Z)
[955521254738247760]Sphinix used the command (warn) in [ScaredGhost's server] at: (2023-03-07T07:08:46.921Z)
[893038810902958130]ScaredGhost used the command (timeout) in [ScaredGhost's server] at: (2023-03-07T07:16:25.068Z)
[893038810902958130]ScaredGhost used the command (timeout) in [ScaredGhost's server] at: (2023-03-07T07:20:19.763Z)
[893038810902958130]ScaredGhost used the command (timeout) in [ScaredGhost's server] at: (2023-03-07T07:20:46.458Z)
[893038810902958130]ScaredGhost used the command (timeout) in [ScaredGhost's server] at: (2023-03-07T07:21:52.289Z)
[893038810902958130]ScaredGhost used the command (timeout) in [ScaredGhost's server] at: (2023-03-07T07:26:46.842Z)
[955521254738247760]Sphinix used the command (kiss) in [ScaredGhost's server] at: (2023-03-07T07:27:03.308Z)
[893038810902958130]ScaredGhost used the command (kiss) in [ScaredGhost's server] at: (2023-03-07T07:27:21.443Z)
[893038810902958130]ScaredGhost used the command (timeout) in [ScaredGhost's server] at: (2023-03-07T07:27:26.997Z)
[955521254738247760]Sphinix used the command (warnings) in [ScaredGhost's server] at: (2023-03-07T07:30:41.297Z)
[955521254738247760]Sphinix used the command (warnings) in [ScaredGhost's server] at: (2023-03-07T07:30:52.611Z)
[955521254738247760]Sphinix used the command (warnings) in [ScaredGhost's server] at: (2023-03-07T07:31:12.375Z)
[955521254738247760]Sphinix used the command (warnings) in [ScaredGhost's server] at: (2023-03-07T07:31:27.822Z)
[893038810902958130]ScaredGhost used the command (warnings) in [ScaredGhost's server] at: (2023-03-07T07:31:40.437Z)
[955521254738247760]Sphinix used the command (warnings) in [ScaredGhost's server] at: (2023-03-07T07:31:43.589Z)
[955521254738247760]Sphinix used the command (warn) in [ScaredGhost's server] at: (2023-03-07T07:31:50.265Z)
[955521254738247760]Sphinix used the command (warnings) in [ScaredGhost's server] at: (2023-03-07T07:31:56.581Z)
[893038810902958130]ScaredGhost used the command (unwarn) in [ScaredGhost's server] at: (2023-03-07T07:32:26.062Z)
[893038810902958130]ScaredGhost used the command (unwarn) in [ScaredGhost's server] at: (2023-03-07T07:32:38.207Z)
[893038810902958130]ScaredGhost used the command (unwarn) in [ScaredGhost's server] at: (2023-03-07T07:32:47.460Z)
[893038810902958130]ScaredGhost used the command (unwarn) in [ScaredGhost's server] at: (2023-03-07T07:32:56.724Z)
[893038810902958130]ScaredGhost used the command (unwarn) in [ScaredGhost's server] at: (2023-03-07T07:33:05.065Z)
[955521254738247760]Sphinix used the command (warnings) in [ScaredGhost's server] at: (2023-03-07T07:33:07.315Z)
[893038810902958130]ScaredGhost used the command (cry) in [ScaredGhost's server] at: (2023-03-07T07:37:16.229Z)
[893038810902958130]ScaredGhost used the command (restartbot) in [ScaredGhost's server] at: (2023-03-07T07:44:30.806Z)
[893038810902958130]ScaredGhost used the command (warnings) in [ScaredGhost's server] at: (2023-03-07T07:44:48.240Z)
[955521254738247760]Sphinix used the command (warnings) in [ScaredGhost's server] at: (2023-03-07T07:44:55.924Z)
[955521254738247760]Sphinix used the command (warn) in [ScaredGhost's server] at: (2023-03-07T07:45:39.899Z)
[955521254738247760]Sphinix used the command (warnings) in [ScaredGhost's server] at: (2023-03-07T07:45:45.152Z)
[893038810902958130]ScaredGhost used the command (unwarn) in [ScaredGhost's server] at: (2023-03-07T07:46:12.847Z)
[893038810902958130]ScaredGhost used the command (unwarn) in [ScaredGhost's server] at: (2023-03-07T07:46:41.751Z)
[955521254738247760]Sphinix used the command (unwarn) in [ScaredGhost's server] at: (2023-03-07T07:46:47.905Z)
[955521254738247760]Sphinix used the command (warnings) in [ScaredGhost's server] at: (2023-03-07T07:46:53.766Z)
[893038810902958130]ScaredGhost used the command (unwarn) in [ScaredGhost's server] at: (2023-03-07T07:46:57.855Z)
[955521254738247760]Sphinix used the command (warn) in [ScaredGhost's server] at: (2023-03-07T07:48:13.426Z)
[955521254738247760]Sphinix used the command (warnings) in [ScaredGhost's server] at: (2023-03-07T07:48:22.272Z)
[955521254738247760]Sphinix used the command (unwarn) in [ScaredGhost's server] at: (2023-03-07T07:48:34.348Z)
[893038810902958130]ScaredGhost used the command (kill) in [ScaredGhost's server] at: (2023-03-07T07:50:48.662Z)
[893038810902958130]ScaredGhost used the command (kill) in [ScaredGhost's server] at: (2023-03-07T07:50:57.663Z)
[955521254738247760]Sphinix used the command (kiss) in [ScaredGhost's server] at: (2023-03-07T07:51:11.084Z)
[893038810902958130]ScaredGhost used the command (kiss) in [ScaredGhost's server] at: (2023-03-07T07:51:23.212Z)
[893038810902958130]ScaredGhost used the command (kick) in [ScaredGhost's server] at: (2023-03-07T07:51:47.954Z)
[893038810902958130]ScaredGhost used the command (kick) in [ScaredGhost's server] at: (2023-03-07T07:52:30.217Z)
[893038810902958130]ScaredGhost used the command (purge) in [ScaredGhost's server] at: (2023-03-07T07:53:35.489Z)
[893038810902958130]ScaredGhost used the command (purge) in [ScaredGhost's server] at: (2023-03-07T07:53:54.613Z)
[893038810902958130]ScaredGhost used the command (purge) in [ScaredGhost's server] at: (2023-03-07T07:54:08.382Z)
[893038810902958130]ScaredGhost used the command (kick) in [Maru Bot support] at: (2023-03-07T07:59:19.374Z)
[893038810902958130]ScaredGhost used the command (warn) in [Maru Bot support] at: (2023-03-07T08:02:38.512Z)
[893038810902958130]ScaredGhost used the command (kiss) in [ScaredGhost's server] at: (2023-03-07T08:05:08.185Z)
[955521254738247760]Sphinix used the command (kiss) in [ScaredGhost's server] at: (2023-03-07T08:05:18.195Z)
[893038810902958130]ScaredGhost used the command (restartbot) in [ScaredGhost's server] at: (2023-03-07T12:28:55.616Z)
[893038810902958130]ScaredGhost used the command (ping) in [ScaredGhost's server] at: (2023-03-07T12:29:14.695Z)
[893038810902958130]ScaredGhost used the command (kiss) in [ScaredGhost's server] at: (2023-03-07T13:06:57.675Z)
[893038810902958130]ScaredGhost used the command (cry) in [ScaredGhost's server] at: (2023-03-07T14:11:04.390Z)
[893038810902958130]ScaredGhost used the command (ping) in [ScaredGhost's server] at: (2023-03-07T14:59:38.804Z)
[893038810902958130]ScaredGhost used the command (ping) in [ScaredGhost's server] at: (2023-03-07T15:03:13.283Z)
[955521254738247760]Sphinix used the command (avatar) in [ScaredGhost's server] at: (2023-03-07T15:23:53.594Z)
[893038810902958130]ScaredGhost used the command (hug) in [ScaredGhost's server] at: (2023-03-07T15:27:35.435Z)
[955521254738247760]Sphinix used the command (kiss) in [ScaredGhost's server] at: (2023-03-07T15:28:20.570Z)
[893038810902958130]ScaredGhost used the command (kiss) in [ScaredGhost's server] at: (2023-03-07T15:29:23.872Z)
[955521254738247760]Sphinix used the command (kiss) in [ScaredGhost's server] at: (2023-03-07T15:30:00.580Z)
[955521254738247760]Sphinix used the command (kiss) in [ScaredGhost's server] at: (2023-03-07T15:32:25.012Z)
[893038810902958130]ScaredGhost used the command (kiss) in [ScaredGhost's server] at: (2023-03-07T15:32:41.355Z)
[955521254738247760]Sphinix used the command (kiss) in [ScaredGhost's server] at: (2023-03-07T15:33:15.372Z)
[893038810902958130]ScaredGhost used the command (purge) in [ScaredGhost's server] at: (2023-03-07T15:56:18.644Z)
[955521254738247760]Sphinix used the command (purge) in [ScaredGhost's server] at: (2023-03-07T15:56:23.340Z)
[893038810902958130]ScaredGhost used the command (warn) in [ScaredGhost's server] at: (2023-03-07T16:31:39.924Z)
[893038810902958130]ScaredGhost used the command (ping) in [ScaredGhost's server] at: (2023-03-07T18:54:07.209Z)
[893038810902958130]ScaredGhost used the command (restartbot) in [ScaredGhost's server] at: (2023-03-07T18:54:29.691Z)
[893038810902958130]ScaredGhost used the command (ping) in [ScaredGhost's server] at: (2023-03-07T18:56:48.896Z)
[893038810902958130]ScaredGhost used the command (ping) in [ScaredGhost's server] at: (2023-03-07T19:53:25.185Z)
[893038810902958130]ScaredGhost used the command (join) in [ScaredGhost's server] at: (2023-03-07T20:18:07.830Z)
[893038810902958130]ScaredGhost used the command (play) in [ScaredGhost's server] at: (2023-03-07T20:18:33.706Z)
[893038810902958130]ScaredGhost used the command (join) in [ScaredGhost's server] at: (2023-03-07T20:18:56.133Z)
[893038810902958130]ScaredGhost used the command (join) in [ScaredGhost's server] at: (2023-03-07T20:30:03.005Z)
[893038810902958130]ScaredGhost used the command (join) in [ScaredGhost's server] at: (2023-03-07T20:31:42.421Z)
[893038810902958130]ScaredGhost used the command (join) in [ScaredGhost's server] at: (2023-03-07T20:38:17.920Z)
[893038810902958130]ScaredGhost used the command (join) in [ScaredGhost's server] at: (2023-03-07T20:39:05.201Z)
[893038810902958130]ScaredGhost used the command (join) in [ScaredGhost's server] at: (2023-03-07T20:40:57.972Z)
[893038810902958130]ScaredGhost used the command (worldclock) in [ScaredGhost's server] at: (2023-03-07T20:55:12.672Z)
[893038810902958130]ScaredGhost used the command (worldclock) in [ScaredGhost's server] at: (2023-03-07T20:55:32.374Z)
[893038810902958130]ScaredGhost used the command (level) in [ScaredGhost's server] at: (2023-03-07T20:59:14.558Z)
[893038810902958130]ScaredGhost used the command (level) in [ScaredGhost's server] at: (2023-03-07T21:00:37.020Z)
[893038810902958130]ScaredGhost used the command (lockchannel) in [ScaredGhost's server] at: (2023-03-07T21:08:41.167Z)
[893038810902958130]ScaredGhost used the command (lockchannel) in [ScaredGhost's server] at: (2023-03-07T21:09:55.887Z)
[893038810902958130]ScaredGhost used the command (lockchannel) in [ScaredGhost's server] at: (2023-03-07T21:10:12.723Z)
[893038810902958130]ScaredGhost used the command (lockchannel) in [ScaredGhost's server] at: (2023-03-07T21:14:35.295Z)
[893038810902958130]ScaredGhost used the command (lockchannel) in [ScaredGhost's server] at: (2023-03-07T21:15:16.020Z)
[893038810902958130]ScaredGhost used the command (lockchannel) in [ScaredGhost's server] at: (2023-03-07T21:15:49.389Z)
[893038810902958130]ScaredGhost used the command (lockchannel) in [ScaredGhost's server] at: (2023-03-07T21:17:35.942Z)
[893038810902958130]ScaredGhost used the command (lockchannel) in [ScaredGhost's server] at: (2023-03-07T21:18:17.398Z)
[893038810902958130]ScaredGhost used the command (ping) in [ScaredGhost's server] at: (2023-03-07T21:22:16.980Z)
[893038810902958130]ScaredGhost used the command (lockchannel) in [ScaredGhost's server] at: (2023-03-07T21:22:38.842Z)
[893038810902958130]ScaredGhost used the command (lockchannel) in [ScaredGhost's server] at: (2023-03-07T21:26:12.530Z)
[893038810902958130]ScaredGhost used the command (lockchannel) in [ScaredGhost's server] at: (2023-03-07T21:27:34.660Z)
[893038810902958130]ScaredGhost used the command (lockchannel) in [ScaredGhost's server] at: (2023-03-07T21:30:09.331Z)
[893038810902958130]ScaredGhost used the command (lockchannel) in [ScaredGhost's server] at: (2023-03-07T21:31:37.516Z)
[893038810902958130]ScaredGhost used the command (unlockchannel) in [ScaredGhost's server] at: (2023-03-07T21:35:45.374Z)
[893038810902958130]ScaredGhost used the command (timeout) in [ScaredGhost's server] at: (2023-03-07T21:44:38.465Z)
[893038810902958130]ScaredGhost used the command (timeout) in [ScaredGhost's server] at: (2023-03-07T21:46:43.194Z)
[893038810902958130]ScaredGhost used the command (timeout) in [ScaredGhost's server] at: (2023-03-07T21:50:54.689Z)
[893038810902958130]ScaredGhost used the command (mute) in [ScaredGhost's server] at: (2023-03-07T22:16:56.721Z)
[893038810902958130]ScaredGhost used the command (mute) in [ScaredGhost's server] at: (2023-03-07T22:17:12.354Z)
[893038810902958130]ScaredGhost used the command (mute) in [ScaredGhost's server] at: (2023-03-07T22:18:50.948Z)
[893038810902958130]ScaredGhost used the command (mute) in [ScaredGhost's server] at: (2023-03-07T22:21:12.042Z)
[893038810902958130]ScaredGhost used the command (mute) in [ScaredGhost's server] at: (2023-03-07T22:21:20.052Z)
[893038810902958130]ScaredGhost used the command (mute) in [ScaredGhost's server] at: (2023-03-07T22:24:03.142Z)
[893038810902958130]ScaredGhost used the command (mute) in [ScaredGhost's server] at: (2023-03-07T22:26:52.040Z)
[893038810902958130]ScaredGhost used the command (mute) in [ScaredGhost's server] at: (2023-03-07T22:30:01.293Z)
[893038810902958130]ScaredGhost used the command (mute) in [ScaredGhost's server] at: (2023-03-07T22:32:36.804Z)
[893038810902958130]ScaredGhost used the command (mute) in [ScaredGhost's server] at: (2023-03-07T22:35:35.415Z)
[893038810902958130]ScaredGhost used the command (mute) in [ScaredGhost's server] at: (2023-03-07T22:38:04.018Z)
[893038810902958130]ScaredGhost used the command (mute) in [ScaredGhost's server] at: (2023-03-07T22:38:15.976Z)
[893038810902958130]ScaredGhost used the command (mute) in [ScaredGhost's server] at: (2023-03-07T22:41:45.999Z)
[893038810902958130]ScaredGhost used the command (worldclock) in [ScaredGhost's server] at: (2023-03-07T22:50:29.931Z)
[893038810902958130]ScaredGhost used the command (purge) in [ScaredGhost's server] at: (2023-03-07T22:51:05.890Z)
[893038810902958130]ScaredGhost used the command (lockchannel) in [ScaredGhost's server] at: (2023-03-07T22:52:56.382Z)
[893038810902958130]ScaredGhost used the command (unlockchannel) in [ScaredGhost's server] at: (2023-03-07T22:53:21.485Z)
[893038810902958130]ScaredGhost used the command (lockchannel) in [ScaredGhost's server] at: (2023-03-07T22:53:41.400Z)
[893038810902958130]ScaredGhost used the command (unlockchannel) in [ScaredGhost's server] at: (2023-03-07T22:53:55.646Z)
[893038810902958130]ScaredGhost used the command (purge) in [ScaredGhost's server] at: (2023-03-07T22:54:17.724Z)
[893038810902958130]ScaredGhost used the command (ping) in [ScaredGhost's server] at: (2023-03-08T00:56:35.338Z)
[893038810902958130]ScaredGhost used the command (ping) in [ScaredGhost's server] at: (2023-03-08T04:03:09.108Z)
[893038810902958130]ScaredGhost used the command (kiss) in [ScaredGhost's server] at: (2023-03-08T04:09:11.187Z)
[893038810902958130]ScaredGhost used the command (warn) in [ScaredGhost's server] at: (2023-03-08T04:24:41.340Z)
[955521254738247760]Sphinix used the command (warn) in [ScaredGhost's server] at: (2023-03-08T04:25:01.677Z)
[893038810902958130]ScaredGhost used the command (worldclock) in [ScaredGhost's server] at: (2023-03-08T04:49:11.236Z)
[893038810902958130]ScaredGhost used the command (worldclock) in [ScaredGhost's server] at: (2023-03-08T04:49:42.718Z)
[893038810902958130]ScaredGhost used the command (worldclock) in [ScaredGhost's server] at: (2023-03-08T04:50:22.885Z)
[893038810902958130]ScaredGhost used the command (worldclock) in [ScaredGhost's server] at: (2023-03-08T04:54:45.927Z)
[893038810902958130]ScaredGhost used the command (kiss) in [ScaredGhost's server] at: (2023-03-08T05:45:46.889Z)
[893038810902958130]ğ•Šğ•”ğ•’ğ•£ğ•–ğ••ğ•ƒğ•šğ•« used the command (kill) in [ScaredGhost's server] at: (2023-03-08T07:48:12.958Z)
[893038810902958130]ğ•Šğ•”ğ•’ğ•£ğ•–ğ••ğ•ƒğ•šğ•« used the command (worldclock) in [ScaredGhost's server] at: (2023-03-08T07:51:49.488Z)
[955521254738247760]Sphinix used the command (purge) in [ScaredGhost's server] at: (2023-03-08T07:52:47.520Z)
[955521254738247760]Sphinix used the command (purge) in [ScaredGhost's server] at: (2023-03-08T07:52:55.547Z)
[955521254738247760]Sphinix used the command (purge) in [ScaredGhost's server] at: (2023-03-08T07:53:06.190Z)
[893038810902958130]ğ•Šğ•”ğ•’ğ•£ğ•–ğ••ğ•ƒğ•šğ•« used the command (mute) in [ScaredGhost's server] at: (2023-03-08T08:03:51.117Z)
[893038810902958130]ğ•Šğ•”ğ•’ğ•£ğ•–ğ••ğ•ƒğ•šğ•« used the command (mute) in [ScaredGhost's server] at: (2023-03-08T08:04:04.873Z)
[893038810902958130]ğ•Šğ•”ğ•’ğ•£ğ•–ğ••ğ•ƒğ•šğ•« used the command (warnings) in [ScaredGhost's server] at: (2023-03-08T08:04:27.881Z)
[955521254738247760]Sphinix used the command (purge) in [ScaredGhost's server] at: (2023-03-08T08:09:16.791Z)
[893038810902958130]ğ•Šğ•”ğ•’ğ•£ğ•–ğ••ğ•ƒğ•šğ•« used the command (worldclock) in [ScaredGhost's server] at: (2023-03-08T16:55:15.043Z)
[893038810902958130]ğ•Šğ•”ğ•’ğ•£ğ•–ğ••ğ•ƒğ•šğ•« used the command (cry) in [test server] at: (2023-03-08T16:57:56.302Z)
[893038810902958130]ğ•Šğ•”ğ•’ğ•£ğ•–ğ••ğ•ƒğ•šğ•« used the command (hug) in [test server] at: (2023-03-08T16:58:05.688Z)
[893038810902958130]ğ•Šğ•”ğ•’ğ•£ğ•–ğ••ğ•ƒğ•šğ•« used the command (kiss) in [test server] at: (2023-03-08T16:58:18.461Z)
[893038810902958130]ğ•Šğ•”ğ•’ğ•£ğ•–ğ••ğ•ƒğ•šğ•« used the command (kill) in [test server] at: (2023-03-08T16:58:24.531Z)
[893038810902958130]ğ•Šğ•”ğ•’ğ•£ğ•–ğ••ğ•ƒğ•šğ•« used the command (worldclock) in [test server] at: (2023-03-08T16:58:48.990Z)
[893038810902958130]ğ•Šğ•”ğ•’ğ•£ğ•–ğ••ğ•ƒğ•šğ•« used the command (worldclock) in [test server] at: (2023-03-08T16:58:57.545Z)
[893038810902958130]ğ•Šğ•”ğ•’ğ•£ğ•–ğ••ğ•ƒğ•šğ•« used the command (lockchannel) in [test server] at: (2023-03-08T16:59:11.323Z)
[893038810902958130]ğ•Šğ•”ğ•’ğ•£ğ•–ğ••ğ•ƒğ•šğ•« used the command (unlockchannel) in [test server] at: (2023-03-08T16:59:28.791Z)
[893038810902958130]ğ•Šğ•”ğ•’ğ•£ğ•–ğ••ğ•ƒğ•šğ•« used the command (warn) in [test server] at: (2023-03-08T16:59:46.336Z)
[893038810902958130]ğ•Šğ•”ğ•’ğ•£ğ•–ğ••ğ•ƒğ•šğ•« used the command (warnings) in [test server] at: (2023-03-08T16:59:53.791Z)
[893038810902958130]ğ•Šğ•”ğ•’ğ•£ğ•–ğ••ğ•ƒğ•šğ•« used the command (unwarn) in [test server] at: (2023-03-08T17:00:03.549Z)
[893038810902958130]ğ•Šğ•”ğ•’ğ•£ğ•–ğ••ğ•ƒğ•šğ•« used the command (warnings) in [test server] at: (2023-03-08T17:00:18.345Z)
[893038810902958130]ğ•Šğ•”ğ•’ğ•£ğ•–ğ••ğ•ƒğ•šğ•« used the command (kick) in [test server] at: (2023-03-08T17:00:47.896Z)
[893038810902958130]ğ•Šğ•”ğ•’ğ•£ğ•–ğ••ğ•ƒğ•šğ•« used the command (ban) in [test server] at: (2023-03-08T17:01:04.401Z)
[893038810902958130]ğ•Šğ•”ğ•’ğ•£ğ•–ğ••ğ•ƒğ•šğ•« used the command (restartbot) in [test server] at: (2023-03-08T17:01:49.286Z)
[893038810902958130]ğ•Šğ•”ğ•’ğ•£ğ•–ğ••ğ•ƒğ•šğ•« used the command (purge) in [test server] at: (2023-03-08T17:03:41.842Z)
[893038810902958130]ğ•Šğ•”ğ•’ğ•£ğ•–ğ••ğ•ƒğ•šğ•« used the command (warn) in [ScaredGhost's server] at: (2023-03-08T17:47:45.026Z)
[893038810902958130]ğ•Šğ•”ğ•’ğ•£ğ•–ğ••ğ•ƒğ•šğ•« used the command (warnings) in [ScaredGhost's server] at: (2023-03-08T17:49:06.348Z)
[893038810902958130]ğ•Šğ•”ğ•’ğ•£ğ•–ğ••ğ•ƒğ•šğ•« used the command (warn) in [ScaredGhost's server] at: (2023-03-08T17:49:45.670Z)
[893038810902958130]ğ•Šğ•”ğ•’ğ•£ğ•–ğ••ğ•ƒğ•šğ•« used the command (warn) in [ScaredGhost's server] at: (2023-03-08T17:52:29.169Z)
[893038810902958130]ğ•Šğ•”ğ•’ğ•£ğ•–ğ••ğ•ƒğ•šğ•« used the command (warn) in [ScaredGhost's server] at: (2023-03-08T17:53:13.355Z)
[893038810902958130]ğ•Šğ•”ğ•’ğ•£ğ•–ğ••ğ•ƒğ•šğ•« used the command (warnings) in [ScaredGhost's server] at: (2023-03-08T18:09:25.138Z)
[893038810902958130]ğ•Šğ•”ğ•’ğ•£ğ•–ğ••ğ•ƒğ•šğ•« used the command (warnings) in [ScaredGhost's server] at: (2023-03-08T18:12:02.556Z)
[893038810902958130]ğ•Šğ•”ğ•’ğ•£ğ•–ğ••ğ•ƒğ•šğ•« used the command (warnings) in [ScaredGhost's server] at: (2023-03-08T18:12:32.646Z)
[893038810902958130]ğ•Šğ•”ğ•’ğ•£ğ•–ğ••ğ•ƒğ•šğ•« used the command (warnings) in [ScaredGhost's server] at: (2023-03-08T18:14:24.705Z)
[893038810902958130]ğ•Šğ•”ğ•’ğ•£ğ•–ğ••ğ•ƒğ•šğ•« used the command (warnings) in [ScaredGhost's server] at: (2023-03-08T18:17:38.161Z)
[893038810902958130]ğ•Šğ•”ğ•’ğ•£ğ•–ğ••ğ•ƒğ•šğ•« used the command (warnings) in [ScaredGhost's server] at: (2023-03-08T18:19:42.056Z)
[893038810902958130]ğ•Šğ•”ğ•’ğ•£ğ•–ğ••ğ•ƒğ•šğ•« used the command (warnings) in [ScaredGhost's server] at: (2023-03-08T18:20:39.278Z)
[893038810902958130]ğ•Šğ•”ğ•’ğ•£ğ•–ğ••ğ•ƒğ•šğ•« used the command (warnings) in [ScaredGhost's server] at: (2023-03-08T18:21:35.910Z)
[893038810902958130]ğ•Šğ•”ğ•’ğ•£ğ•–ğ••ğ•ƒğ•šğ•« used the command (warn) in [ScaredGhost's server] at: (2023-03-08T18:22:06.931Z)
[893038810902958130]ğ•Šğ•”ğ•’ğ•£ğ•–ğ••ğ•ƒğ•šğ•« used the command (warn) in [ScaredGhost's server] at: (2023-03-08T18:22:13.969Z)
[893038810902958130]ğ•Šğ•”ğ•’ğ•£ğ•–ğ••ğ•ƒğ•šğ•« used the command (warnings) in [ScaredGhost's server] at: (2023-03-08T18:22:18.672Z)
[893038810902958130]ğ•Šğ•”ğ•’ğ•£ğ•–ğ••ğ•ƒğ•šğ•« used the command (warnings) in [ScaredGhost's server] at: (2023-03-08T18:25:06.983Z)
[893038810902958130]ğ•Šğ•”ğ•’ğ•£ğ•–ğ••ğ•ƒğ•šğ•« used the command (warnings) in [ScaredGhost's server] at: (2023-03-08T18:25:48.896Z)
[893038810902958130]ğ•Šğ•”ğ•’ğ•£ğ•–ğ••ğ•ƒğ•šğ•« used the command (warn) in [ScaredGhost's server] at: (2023-03-08T18:32:52.369Z)
[893038810902958130]ğ•Šğ•”ğ•’ğ•£ğ•–ğ••ğ•ƒğ•šğ•« used the command (warn) in [ScaredGhost's server] at: (2023-03-08T18:34:06.086Z)
[893038810902958130]ğ•Šğ•”ğ•’ğ•£ğ•–ğ••ğ•ƒğ•šğ•« used the command (warnings) in [ScaredGhost's server] at: (2023-03-08T18:34:14.523Z)
[893038810902958130]ğ•Šğ•”ğ•’ğ•£ğ•–ğ••ğ•ƒğ•šğ•« used the command (warn) in [ScaredGhost's server] at: (2023-03-08T18:34:33.228Z)
[893038810902958130]ğ•Šğ•”ğ•’ğ•£ğ•–ğ••ğ•ƒğ•šğ•« used the command (warnings) in [ScaredGhost's server] at: (2023-03-08T18:34:41.209Z)
[893038810902958130]ğ•Šğ•”ğ•’ğ•£ğ•–ğ••ğ•ƒğ•šğ•« used the command (warnings) in [ScaredGhost's server] at: (2023-03-08T18:37:42.063Z)
[893038810902958130]ğ•Šğ•”ğ•’ğ•£ğ•–ğ••ğ•ƒğ•šğ•« used the command (unwarn) in [ScaredGhost's server] at: (2023-03-08T18:41:58.307Z)
[893038810902958130]ğ•Šğ•”ğ•’ğ•£ğ•–ğ••ğ•ƒğ•šğ•« used the command (warn) in [ScaredGhost's server] at: (2023-03-08T18:51:47.291Z)
[893038810902958130]ğ•Šğ•”ğ•’ğ•£ğ•–ğ••ğ•ƒğ•šğ•« used the command (warnings) in [ScaredGhost's server] at: (2023-03-08T18:51:54.180Z)
[893038810902958130]ğ•Šğ•”ğ•’ğ•£ğ•–ğ••ğ•ƒğ•šğ•« used the command (warn) in [ScaredGhost's server] at: (2023-03-08T18:52:07.285Z)
[893038810902958130]ğ•Šğ•”ğ•’ğ•£ğ•–ğ••ğ•ƒğ•šğ•« used the command (warnings) in [ScaredGhost's server] at: (2023-03-08T18:52:13.468Z)
[893038810902958130]ğ•Šğ•”ğ•’ğ•£ğ•–ğ••ğ•ƒğ•šğ•« used the command (unwarn) in [ScaredGhost's server] at: (2023-03-08T18:52:23.210Z)
[893038810902958130]ğ•Šğ•”ğ•’ğ•£ğ•–ğ••ğ•ƒğ•šğ•« used the command (warnings) in [ScaredGhost's server] at: (2023-03-08T18:52:34.029Z)
[893038810902958130]ğ•Šğ•”ğ•’ğ•£ğ•–ğ••ğ•ƒğ•šğ•« used the command (unwarn) in [ScaredGhost's server] at: (2023-03-08T18:52:40.571Z)
[893038810902958130]ğ•Šğ•”ğ•’ğ•£ğ•–ğ••ğ•ƒğ•šğ•« used the command (warnings) in [ScaredGhost's server] at: (2023-03-08T18:52:47.915Z)
[893038810902958130]ğ•Šğ•”ğ•’ğ•£ğ•–ğ••ğ•ƒğ•šğ•« used the command (warnings) in [test server] at: (2023-03-08T19:44:52.149Z)
[893038810902958130]ğ•Šğ•”ğ•’ğ•£ğ•–ğ••ğ•ƒğ•šğ•« used the command (warnings) in [test server] at: (2023-03-08T19:44:58.726Z)
[893038810902958130]ğ•Šğ•”ğ•’ğ•£ğ•–ğ••ğ•ƒğ•šğ•« used the command (warnings) in [ScaredGhost's server] at: (2023-03-08T19:45:06.930Z)
[893038810902958130]ğ•Šğ•”ğ•’ğ•£ğ•–ğ••ğ•ƒğ•šğ•« used the command (warn) in [ScaredGhost's server] at: (2023-03-08T19:45:12.014Z)
[893038810902958130]ğ•Šğ•”ğ•’ğ•£ğ•–ğ••ğ•ƒğ•šğ•« used the command (warnings) in [ScaredGhost's server] at: (2023-03-08T19:45:16.990Z)
[893038810902958130]ğ•Šğ•”ğ•’ğ•£ğ•–ğ••ğ•ƒğ•šğ•« used the command (warnings) in [ScaredGhost's server] at: (2023-03-08T19:50:52.702Z)
[893038810902958130]ğ•Šğ•”ğ•’ğ•£ğ•–ğ••ğ•ƒğ•šğ•« used the command (warnings) in [ScaredGhost's server] at: (2023-03-08T20:03:24.985Z)
[893038810902958130]ğ•Šğ•”ğ•’ğ•£ğ•–ğ••ğ•ƒğ•šğ•« used the command (warnings) in [test server] at: (2023-03-08T20:03:50.406Z)
[893038810902958130]ğ•Šğ•”ğ•’ğ•£ğ•–ğ••ğ•ƒğ•šğ•« used the command (warn) in [test server] at: (2023-03-08T20:14:17.702Z)
[893038810902958130]ğ•Šğ•”ğ•’ğ•£ğ•–ğ••ğ•ƒğ•šğ•« used the command (warn) in [test server] at: (2023-03-08T20:14:58.119Z)
[893038810902958130]ğ•Šğ•”ğ•’ğ•£ğ•–ğ••ğ•ƒğ•šğ•« used the command (warnings) in [ScaredGhost's server] at: (2023-03-08T20:15:23.277Z)
[893038810902958130]ğ•Šğ•”ğ•’ğ•£ğ•–ğ••ğ•ƒğ•šğ•« used the command (unwarn) in [ScaredGhost's server] at: (2023-03-08T20:15:35.493Z)
[893038810902958130]ğ•Šğ•”ğ•’ğ•£ğ•–ğ••ğ•ƒğ•šğ•« used the command (warn) in [test server] at: (2023-03-08T20:17:58.737Z)
[893038810902958130]ğ•Šğ•”ğ•’ğ•£ğ•–ğ••ğ•ƒğ•šğ•« used the command (warnings) in [test server] at: (2023-03-08T20:18:05.283Z)
[893038810902958130]ğ•Šğ•”ğ•’ğ•£ğ•–ğ••ğ•ƒğ•šğ•« used the command (unwarn) in [ScaredGhost's server] at: (2023-03-08T20:18:19.560Z)
[893038810902958130]ğ•Šğ•”ğ•’ğ•£ğ•–ğ••ğ•ƒğ•šğ•« used the command (warnings) in [ScaredGhost's server] at: (2023-03-08T20:18:27.105Z)
[893038810902958130]ğ•Šğ•”ğ•’ğ•£ğ•–ğ••ğ•ƒğ•šğ•« used the command (unwarn) in [test server] at: (2023-03-08T20:24:47.482Z)
[893038810902958130]ğ•Šğ•”ğ•’ğ•£ğ•–ğ••ğ•ƒğ•šğ•« used the command (warn) in [test server] at: (2023-03-08T20:25:01.836Z)
[893038810902958130]ğ•Šğ•”ğ•’ğ•£ğ•–ğ••ğ•ƒğ•šğ•« used the command (warn) in [test server] at: (2023-03-08T20:25:23.276Z)
[893038810902958130]ğ•Šğ•”ğ•’ğ•£ğ•–ğ••ğ•ƒğ•šğ•« used the command (unwarn) in [test server] at: (2023-03-08T20:25:41.751Z)
[893038810902958130]ğ•Šğ•”ğ•’ğ•£ğ•–ğ••ğ•ƒğ•šğ•« used the command (unwarn) in [test server] at: (2023-03-08T20:25:54.178Z)
[893038810902958130]ğ•Šğ•”ğ•’ğ•£ğ•–ğ••ğ•ƒğ•šğ•« used the command (lockchannel) in [ScaredGhost's server] at: (2023-03-08T20:41:45.893Z)
[893038810902958130]ğ•Šğ•”ğ•’ğ•£ğ•–ğ••ğ•ƒğ•šğ•« used the command (unlockchannel) in [ScaredGhost's server] at: (2023-03-08T20:57:31.702Z)
[893038810902958130]ğ•Šğ•”ğ•’ğ•£ğ•–ğ••ğ•ƒğ•šğ•« used the command (warnings) in [ScaredGhost's server] at: (2023-03-08T21:02:55.564Z)
[893038810902958130]ğ•Šğ•”ğ•’ğ•£ğ•–ğ••ğ•ƒğ•šğ•« used the command (ban) in [test server] at: (2023-03-09T00:26:08.796Z)
[893038810902958130]ğ•Šğ•”ğ•’ğ•£ğ•–ğ••ğ•ƒğ•šğ•« used the command (unban) in [test server] at: (2023-03-09T00:26:30.145Z)
[893038810902958130]ğ•Šğ•”ğ•’ğ•£ğ•–ğ••ğ•ƒğ•šğ•« used the command (unban) in [test server] at: (2023-03-09T00:27:07.890Z)
[893038810902958130]ğ•Šğ•”ğ•’ğ•£ğ•–ğ••ğ•ƒğ•šğ•« used the command (unban) in [test server] at: (2023-03-09T00:27:40.121Z)
[893038810902958130]ğ•Šğ•”ğ•’ğ•£ğ•–ğ••ğ•ƒğ•šğ•« used the command (ban) in [test server] at: (2023-03-09T00:28:44.621Z)
[893038810902958130]ğ•Šğ•”ğ•’ğ•£ğ•–ğ••ğ•ƒğ•šğ•« used the command (unban) in [test server] at: (2023-03-09T00:29:13.198Z)
[893038810902958130]ğ•Šğ•”ğ•’ğ•£ğ•–ğ••ğ•ƒğ•šğ•« used the command (unban) in [test server] at: (2023-03-09T00:29:47.839Z)
[893038810902958130]ğ•Šğ•”ğ•’ğ•£ğ•–ğ••ğ•ƒğ•šğ•« used the command (ban) in [test server] at: (2023-03-09T00:31:09.512Z)
[893038810902958130]ğ•Šğ•”ğ•’ğ•£ğ•–ğ••ğ•ƒğ•šğ•« used the command (unban) in [test server] at: (2023-03-09T00:31:35.181Z)
[893038810902958130]ğ•Šğ•”ğ•’ğ•£ğ•–ğ••ğ•ƒğ•šğ•« used the command (ban) in [test server] at: (2023-03-09T00:39:37.034Z)
[893038810902958130]ğ•Šğ•”ğ•’ğ•£ğ•–ğ••ğ•ƒğ•šğ•« used the command (unban) in [test server] at: (2023-03-09T00:43:27.920Z)
[893038810902958130]ğ•Šğ•”ğ•’ğ•£ğ•–ğ••ğ•ƒğ•šğ•« used the command (ban) in [test server] at: (2023-03-09T00:45:33.093Z)
[893038810902958130]ğ•Šğ•”ğ•’ğ•£ğ•–ğ••ğ•ƒğ•šğ•« used the command (unban) in [test server] at: (2023-03-09T00:51:43.783Z)
[893038810902958130]ğ•Šğ•”ğ•’ğ•£ğ•–ğ••ğ•ƒğ•šğ•« used the command (unban) in [test server] at: (2023-03-09T00:52:49.276Z)
[893038810902958130]ğ•Šğ•”ğ•’ğ•£ğ•–ğ••ğ•ƒğ•šğ•« used the command (unban) in [test server] at: (2023-03-09T00:54:22.423Z)
[893038810902958130]ğ•Šğ•”ğ•’ğ•£ğ•–ğ••ğ•ƒğ•šğ•« used the command (unban) in [test server] at: (2023-03-09T00:56:39.533Z)
[893038810902958130]ğ•Šğ•”ğ•’ğ•£ğ•–ğ••ğ•ƒğ•šğ•« used the command (unban) in [test server] at: (2023-03-09T00:57:37.238Z)
[893038810902958130]ğ•Šğ•”ğ•’ğ•£ğ•–ğ••ğ•ƒğ•šğ•« used the command (unban) in [test server] at: (2023-03-09T00:58:50.508Z)
[893038810902958130]ğ•Šğ•”ğ•’ğ•£ğ•–ğ••ğ•ƒğ•šğ•« used the command (unban) in [test server] at: (2023-03-09T01:01:20.266Z)
[893038810902958130]ğ•Šğ•”ğ•’ğ•£ğ•–ğ••ğ•ƒğ•šğ•« used the command (unban) in [test server] at: (2023-03-09T01:01:46.309Z)
[893038810902958130]ScaredLiz used the command (ban) in [test server] at: (2023-03-09T01:03:56.071Z)
[893038810902958130]ScaredLiz used the command (unban) in [test server] at: (2023-03-09T01:04:21.077Z)
[893038810902958130]ScaredLiz used the command (unban) in [test server] at: (2023-03-09T01:06:26.561Z)
[893038810902958130]ScaredLiz used the command (unban) in [test server] at: (2023-03-09T01:06:40.929Z)
[893038810902958130]ScaredLiz used the command (ban) in [test server] at: (2023-03-09T01:11:22.581Z)
[893038810902958130]ScaredLiz used the command (checkbans) in [test server] at: (2023-03-09T01:21:06.575Z)
[893038810902958130]ScaredLiz used the command (checkbans) in [test server] at: (2023-03-09T01:26:16.182Z)
[893038810902958130]ScaredLiz used the command (checkbans) in [test server] at: (2023-03-09T01:27:35.158Z)
[893038810902958130]ScaredLiz used the command (checkbans) in [test server] at: (2023-03-09T01:29:18.357Z)
[893038810902958130]ScaredLiz used the command (ban) in [test server] at: (2023-03-09T01:30:30.780Z)
[893038810902958130]ScaredLiz used the command (checkbans) in [test server] at: (2023-03-09T01:30:35.989Z)
[893038810902958130]ScaredLiz used the command (checkbans) in [test server] at: (2023-03-09T01:36:27.827Z)
[893038810902958130]ScaredLiz used the command (checkbans) in [test server] at: (2023-03-09T01:37:59.956Z)
[893038810902958130]ScaredLiz used the command (unban) in [test server] at: (2023-03-09T01:39:07.067Z)
[893038810902958130]ScaredLiz used the command (ban) in [test server] at: (2023-03-09T01:40:09.786Z)
[893038810902958130]ScaredLiz used the command (ban) in [test server] at: (2023-03-09T01:40:15.355Z)
[893038810902958130]ScaredLiz used the command (ban) in [test server] at: (2023-03-09T01:40:36.088Z)
[893038810902958130]ScaredLiz used the command (checkbans) in [test server] at: (2023-03-09T01:40:45.595Z)
[893038810902958130]ScaredLiz used the command (checkbans) in [test server] at: (2023-03-09T01:43:37.814Z)
[893038810902958130]ScaredLiz used the command (checkbans) in [test server] at: (2023-03-09T01:44:17.792Z)
[893038810902958130]ScaredLiz used the command (checkbans) in [test server] at: (2023-03-09T01:48:07.627Z)
[893038810902958130]ScaredLiz used the command (ban) in [test server] at: (2023-03-09T01:50:40.945Z)
[893038810902958130]ScaredLiz used the command (checkbans) in [test server] at: (2023-03-09T01:50:58.458Z)
[893038810902958130]ScaredLiz used the command (checkbans) in [test server] at: (2023-03-09T01:52:41.320Z)
[893038810902958130]ScaredLiz used the command (bans) in [test server] at: (2023-03-09T02:01:06.694Z)
[893038810902958130]ScaredLiz used the command (bans) in [test server] at: (2023-03-09T02:02:40.891Z)
[893038810902958130]ScaredLiz used the command (bans) in [test server] at: (2023-03-09T02:12:49.854Z)
[893038810902958130]ScaredLiz used the command (bans) in [test server] at: (2023-03-09T02:13:22.038Z)
[893038810902958130]ScaredLiz used the command (bans) in [test server] at: (2023-03-09T02:19:52.205Z)
[893038810902958130]ScaredLiz used the command (bans) in [test server] at: (2023-03-09T02:21:07.617Z)
[893038810902958130]ScaredLiz used the command (bans) in [test server] at: (2023-03-09T02:23:38.991Z)
[893038810902958130]ScaredLiz used the command (bans) in [test server] at: (2023-03-09T02:24:57.882Z)
[893038810902958130]ScaredLiz used the command (bans) in [test server] at: (2023-03-09T02:27:51.729Z)
[893038810902958130]ScaredLiz used the command (unban) in [test server] at: (2023-03-09T02:28:11.631Z)
[893038810902958130]ScaredLiz used the command (bans) in [test server] at: (2023-03-09T02:29:50.783Z)
[893038810902958130]ScaredLiz used the command (unban) in [test server] at: (2023-03-09T02:29:59.803Z)
[893038810902958130]ScaredLiz used the command (bans) in [test server] at: (2023-03-09T02:32:27.769Z)
[893038810902958130]ScaredLiz used the command (ban) in [test server] at: (2023-03-09T02:33:05.163Z)
[893038810902958130]ScaredLiz used the command (bans) in [test server] at: (2023-03-09T02:33:13.134Z)
[893038810902958130]ScaredLiz used the command (unban) in [test server] at: (2023-03-09T02:33:23.199Z)
[893038810902958130]ScaredLiz used the command (ban) in [test server] at: (2023-03-09T02:38:22.596Z)
[893038810902958130]ScaredLiz used the command (bans) in [test server] at: (2023-03-09T02:40:42.679Z)
[893038810902958130]ScaredLiz used the command (bans) in [test server] at: (2023-03-09T02:47:21.235Z)
[893038810902958130]ScaredLiz used the command (unban) in [test server] at: (2023-03-09T02:47:41.108Z)
[893038810902958130]ScaredLiz used the command (play) in [test server] at: (2023-03-09T03:09:41.682Z)
[893038810902958130]ScaredLiz used the command (play) in [test server] at: (2023-03-09T03:09:47.219Z)
[893038810902958130]ScaredLiz used the command (play) in [test server] at: (2023-03-09T03:14:11.408Z)
[893038810902958130]ScaredLiz used the command (play) in [test server] at: (2023-03-09T03:18:52.600Z)
[893038810902958130]ScaredLiz used the command (play) in [test server] at: (2023-03-09T03:18:58.169Z)
[893038810902958130]ScaredLiz used the command (play) in [test server] at: (2023-03-09T03:21:30.753Z)
[893038810902958130]ScaredLiz used the command (play) in [test server] at: (2023-03-09T03:25:09.265Z)
[893038810902958130]ScaredLiz used the command (play) in [test server] at: (2023-03-09T03:26:43.964Z)
[893038810902958130]ScaredLiz used the command (play) in [test server] at: (2023-03-09T03:27:18.782Z)
[893038810902958130]ScaredLiz used the command (play) in [test server] at: (2023-03-09T03:28:54.650Z)
[893038810902958130]ScaredLiz used the command (play) in [test server] at: (2023-03-09T03:39:29.586Z)
[893038810902958130]ScaredLiz used the command (play) in [test server] at: (2023-03-09T03:42:03.299Z)
[893038810902958130]ScaredLiz used the command (play) in [test server] at: (2023-03-09T03:42:27.583Z)
[893038810902958130]ScaredLiz used the command (play) in [test server] at: (2023-03-09T03:43:47.544Z)
[893038810902958130]ScaredLiz used the command (play) in [test server] at: (2023-03-09T03:55:49.254Z)
[893038810902958130]ScaredLiz used the command (play) in [test server] at: (2023-03-09T03:56:16.868Z)
[893038810902958130]ScaredLiz used the command (play) in [test server] at: (2023-03-09T03:58:29.580Z)
[893038810902958130]ScaredLiz used the command (play) in [test server] at: (2023-03-09T04:02:44.473Z)
[893038810902958130]ScaredLiz used the command (play) in [test server] at: (2023-03-09T04:04:41.973Z)
[893038810902958130]ScaredLiz used the command (play) in [test server] at: (2023-03-09T04:05:03.507Z)
[893038810902958130]ScaredLiz used the command (play) in [test server] at: (2023-03-09T04:20:08.091Z)
[893038810902958130]ScaredLiz used the command (play) in [test server] at: (2023-03-09T04:20:51.203Z)
[893038810902958130]ScaredLiz used the command (play) in [test server] at: (2023-03-09T04:21:57.663Z)
[893038810902958130]ScaredLiz used the command (play) in [test server] at: (2023-03-09T04:24:31.505Z)
[893038810902958130]ScaredLiz used the command (play) in [test server] at: (2023-03-09T04:24:55.127Z)
[893038810902958130]ScaredLiz used the command (play) in [test server] at: (2023-03-09T04:26:52.168Z)
[893038810902958130]ScaredLiz used the command (play) in [test server] at: (2023-03-09T04:29:10.148Z)
[893038810902958130]ScaredLiz used the command (play) in [test server] at: (2023-03-09T04:30:48.295Z)
[893038810902958130]ScaredLiz used the command (play) in [test server] at: (2023-03-09T04:31:47.304Z)
[893038810902958130]ScaredLiz used the command (play) in [test server] at: (2023-03-09T04:35:56.400Z)
[893038810902958130]ScaredLiz used the command (play) in [test server] at: (2023-03-09T04:41:35.617Z)
[893038810902958130]ScaredLiz used the command (play) in [test server] at: (2023-03-09T04:51:18.373Z)
[893038810902958130]ScaredLiz used the command (play) in [test server] at: (2023-03-09T04:55:32.303Z)
