[893038810902958130]ScaredGhost /botinfo in [ScaredGhost's server] at: (2023-03-06T22:21:33.588Z)
[893038810902958130]ScaredGhost /help in [ScaredGhost's server] at: (2023-03-06T22:21:52.640Z)
[955521254738247760]Sphinix /help in [ScaredGhost's server] at: (2023-03-06T22:22:51.319Z)
[893038810902958130]ScaredGhost /botinfo in [ScaredGhost's server] at: (2023-03-06T22:26:13.576Z)
[893038810902958130]ScaredGhost /botinfo in [ScaredGhost's server] at: (2023-03-06T22:28:27.005Z)
[893038810902958130]ScaredGhost /bug in [ScaredGhost's server] at: (2023-03-06T22:29:16.034Z)
[893038810902958130]ScaredGhost /help in [ScaredGhost's server] at: (2023-03-06T22:33:35.431Z)
[893038810902958130]ScaredGhost /help in [ScaredGhost's server] at: (2023-03-06T22:43:17.465Z)
[893038810902958130]ScaredGhost /bug in [ScaredGhost's server] at: (2023-03-06T22:44:05.355Z)
[955521254738247760]Sphinix /bug in [ScaredGhost's server] at: (2023-03-06T22:47:50.780Z)
[955521254738247760]Sphinix /help in [ScaredGhost's server] at: (2023-03-07T00:39:30.827Z)
[893038810902958130]ScaredGhost /help in [ScaredGhost's server] at: (2023-03-07T01:16:59.266Z)
[893038810902958130]ScaredGhost /help in [ScaredGhost's server] at: (2023-03-07T01:44:28.685Z)
[893038810902958130]ScaredGhost /help in [ScaredGhost's server] at: (2023-03-07T02:13:18.584Z)
[893038810902958130]ScaredGhost /botinfo in [ScaredGhost's server] at: (2023-03-07T02:13:32.175Z)
[893038810902958130]ScaredGhost /help in [ScaredGhost's server] at: (2023-03-07T02:30:54.721Z)
[893038810902958130]ScaredGhost /help in [ScaredGhost's server] at: (2023-03-07T02:31:25.714Z)
[893038810902958130]ScaredGhost /bug in [ScaredGhost's server] at: (2023-03-07T02:36:37.407Z)
[893038810902958130]ScaredGhost /help in [ScaredGhost's server] at: (2023-03-07T03:10:18.439Z)
[893038810902958130]ScaredGhost /botinfo in [ScaredGhost's server] at: (2023-03-07T03:10:52.891Z)
[893038810902958130]ScaredGhost /help in [ScaredGhost's server] at: (2023-03-07T03:49:04.355Z)
[893038810902958130]ScaredGhost /help in [ScaredGhost's server] at: (2023-03-07T03:49:18.932Z)
[893038810902958130]ScaredGhost /help in [ScaredGhost's server] at: (2023-03-07T03:49:32.448Z)
[893038810902958130]ScaredGhost /help in [ScaredGhost's server] at: (2023-03-07T03:50:08.863Z)
[893038810902958130]ScaredGhost /help in [ScaredGhost's server] at: (2023-03-07T04:16:54.453Z)
[893038810902958130]ScaredGhost /help in [ScaredGhost's server] at: (2023-03-07T04:48:30.288Z)
[893038810902958130]ScaredGhost /help in [ScaredGhost's server] at: (2023-03-07T05:05:10.402Z)
[955521254738247760]Sphinix /help in [ScaredGhost's server] at: (2023-03-07T05:15:30.012Z)
[955521254738247760]Sphinix /help in [ScaredGhost's server] at: (2023-03-07T05:16:23.873Z)
[893038810902958130]ScaredGhost /help in [ScaredGhost's server] at: (2023-03-07T05:16:36.225Z)
[893038810902958130]ScaredGhost /help in [ScaredGhost's server] at: (2023-03-07T05:17:15.694Z)
[955521254738247760]Sphinix /help in [ScaredGhost's server] at: (2023-03-07T05:18:26.332Z)
[893038810902958130]ScaredGhost /help in [ScaredGhost's server] at: (2023-03-07T05:19:22.375Z)
[955521254738247760]Sphinix /help in [ScaredGhost's server] at: (2023-03-07T05:22:33.951Z)
[893038810902958130]ScaredGhost /help in [ScaredGhost's server] at: (2023-03-07T05:22:34.342Z)
[893038810902958130]ScaredGhost /help in [ScaredGhost's server] at: (2023-03-07T05:26:06.652Z)
[955521254738247760]Sphinix /help in [ScaredGhost's server] at: (2023-03-07T05:29:52.359Z)
[893038810902958130]ScaredGhost /help in [ScaredGhost's server] at: (2023-03-07T05:43:29.380Z)
[893038810902958130]ScaredGhost /help in [ScaredGhost's server] at: (2023-03-07T05:43:34.803Z)
[893038810902958130]ScaredGhost /help in [ScaredGhost's server] at: (2023-03-07T05:55:17.088Z)
[893038810902958130]ScaredGhost /help in [ScaredGhost's server] at: (2023-03-07T05:56:34.752Z)
[893038810902958130]ScaredGhost /help in [ScaredGhost's server] at: (2023-03-07T05:57:44.420Z)
[955521254738247760]Sphinix /help in [ScaredGhost's server] at: (2023-03-07T05:57:54.395Z)
[893038810902958130]ScaredGhost /help in [ScaredGhost's server] at: (2023-03-07T05:58:08.128Z)
[893038810902958130]ScaredGhost /help in [ScaredGhost's server] at: (2023-03-07T05:58:40.835Z)
[893038810902958130]ScaredGhost /help in [ScaredGhost's server] at: (2023-03-07T06:06:11.400Z)
[893038810902958130]ScaredGhost /help in [ScaredGhost's server] at: (2023-03-07T06:18:40.711Z)
[955521254738247760]Sphinix /help in [ScaredGhost's server] at: (2023-03-07T06:30:24.221Z)
[955521254738247760]Sphinix /help in [ScaredGhost's server] at: (2023-03-07T07:16:38.629Z)
[893038810902958130]ScaredGhost /help in [ScaredGhost's server] at: (2023-03-07T07:42:55.525Z)
[893038810902958130]ScaredGhost /botinfo in [ScaredGhost's server] at: (2023-03-07T07:50:16.323Z)
[893038810902958130]ScaredGhost /help in [ScaredGhost's server] at: (2023-03-07T07:54:33.655Z)
[893038810902958130]ScaredGhost /bug in [ScaredGhost's server] at: (2023-03-07T07:56:27.988Z)
[893038810902958130]ScaredGhost /botinfo in [ScaredGhost's server] at: (2023-03-07T12:52:44.014Z)
[893038810902958130]ScaredGhost /help in [ScaredGhost's server] at: (2023-03-07T13:06:35.451Z)
[893038810902958130]ScaredGhost /help in [ScaredGhost's server] at: (2023-03-07T14:59:11.376Z)
[893038810902958130]ScaredGhost /help in [ScaredGhost's server] at: (2023-03-07T15:02:00.930Z)
[893038810902958130]ScaredGhost /botinfo in [ScaredGhost's server] at: (2023-03-07T19:53:13.359Z)
[893038810902958130]ScaredGhost /help in [ScaredGhost's server] at: (2023-03-07T20:17:59.571Z)
[893038810902958130]ScaredGhost /help in [ScaredGhost's server] at: (2023-03-07T20:54:17.024Z)
[893038810902958130]ScaredGhost /help in [ScaredGhost's server] at: (2023-03-07T20:54:37.881Z)
[893038810902958130]ScaredGhost /help in [ScaredGhost's server] at: (2023-03-07T20:54:58.183Z)
[893038810902958130]ScaredGhost /help in [ScaredGhost's server] at: (2023-03-07T21:37:24.392Z)
[893038810902958130]ScaredGhost /help in [ScaredGhost's server] at: (2023-03-07T21:37:37.013Z)
[893038810902958130]ScaredGhost /timeout in [ScaredGhost's server] at: (2023-03-07T22:02:09.046Z)
[893038810902958130]ScaredGhost /help in [ScaredGhost's server] at: (2023-03-07T22:04:46.257Z)
[893038810902958130]ScaredGhost /help in [ScaredGhost's server] at: (2023-03-07T22:05:10.093Z)
[893038810902958130]ScaredGhost /help in [ScaredGhost's server] at: (2023-03-07T22:06:00.446Z)
[893038810902958130]ScaredGhost /timeout in [ScaredGhost's server] at: (2023-03-07T22:06:25.055Z)
[893038810902958130]ScaredGhost /timeout in [ScaredGhost's server] at: (2023-03-07T22:07:53.194Z)
[893038810902958130]ScaredGhost /timeout in [ScaredGhost's server] at: (2023-03-07T22:07:54.030Z)
[893038810902958130]ScaredGhost /timeout in [ScaredGhost's server] at: (2023-03-07T22:09:24.060Z)
[893038810902958130]ScaredGhost /mute in [ScaredGhost's server] at: (2023-03-07T22:13:56.926Z)
[893038810902958130]ScaredGhost /help in [ScaredGhost's server] at: (2023-03-07T22:43:35.246Z)
[893038810902958130]ScaredGhost /help in [ScaredGhost's server] at: (2023-03-08T00:01:17.484Z)
[893038810902958130]ScaredGhost /help in [ScaredGhost's server] at: (2023-03-08T00:56:43.418Z)
[893038810902958130]ScaredGhost /help in [ScaredGhost's server] at: (2023-03-08T01:02:05.156Z)
[893038810902958130]ScaredGhost /botinfo in [ScaredGhost's server] at: (2023-03-08T01:03:32.026Z)
[893038810902958130]ScaredGhost /help in [ScaredGhost's server] at: (2023-03-08T04:11:05.142Z)
[955521254738247760]Sphinix /help in [ScaredGhost's server] at: (2023-03-08T07:52:34.680Z)
[893038810902958130]ğ•Šğ•”ğ•’ğ•£ğ•–ğ••ğ•ƒğ•šğ•« /help in [test server] at: (2023-03-08T16:57:44.080Z)
[985422544368705596]vivian. /help in [test server] at: (2023-03-08T16:58:39.764Z)
[893038810902958130]ğ•Šğ•”ğ•’ğ•£ğ•–ğ••ğ•ƒğ•šğ•« /botinfo in [test server] at: (2023-03-08T17:01:18.679Z)
[893038810902958130]ğ•Šğ•”ğ•’ğ•£ğ•–ğ••ğ•ƒğ•šğ•« /botinfo in [test server] at: (2023-03-08T17:02:08.255Z)
[893038810902958130]ğ•Šğ•”ğ•’ğ•£ğ•–ğ••ğ•ƒğ•šğ•« /help in [ScaredGhost's server] at: (2023-03-08T20:41:07.286Z)
[893038810902958130]ğ•Šğ•”ğ•’ğ•£ğ•–ğ••ğ•ƒğ•šğ•« /help in [ScaredGhost's server] at: (2023-03-08T21:12:22.477Z)
[893038810902958130]ğ•Šğ•”ğ•’ğ•£ğ•–ğ••ğ•ƒğ•šğ•« /help in [ScaredGhost's server] at: (2023-03-08T21:12:28.271Z)
[893038810902958130]ğ•Šğ•”ğ•’ğ•£ğ•–ğ••ğ•ƒğ•šğ•« /help in [ScaredGhost's server] at: (2023-03-08T21:12:42.218Z)
[893038810902958130]ğ•Šğ•”ğ•’ğ•£ğ•–ğ••ğ•ƒğ•šğ•« /botinfo in [ScaredGhost's server] at: (2023-03-08T22:07:19.259Z)
[893038810902958130]ğ•Šğ•”ğ•’ğ•£ğ•–ğ••ğ•ƒğ•šğ•« /help in [test server] at: (2023-03-09T00:07:29.692Z)
[893038810902958130]ğ•Šğ•”ğ•’ğ•£ğ•–ğ••ğ•ƒğ•šğ•« /botinfo in [test server] at: (2023-03-09T00:14:00.062Z)
